2015/7/25-0:51 --> SESSION_NULL :: Result Class  bb  cc  dd
2015/7/25-0:51 --> SESSION_NULL :: Result Class  bb  cc  dd
2015/7/25-0:51 --> SESSION_NULL :: Result Class  bb  cc  dd
2015/7/25-0:51 --> SESSION_NULL :: Result Class  bb  cc  dd
2015/7/25-0:51 --> SESSION_NULL :: Result Class  bb  cc  dd
2015/7/25-0:51 --> SESSION_NULL :: Result Class  bb  cc  dd
2015/7/25-1:21 --> SESSION_NULL :: Result Classxxx  bb  cc  dd
2015/7/25-1:21 --> SESSION_NULL :: Result Classxxx  bb  cc  dd
2015/7/25-1:21 --> SESSION_NULL :: Result Classxxx  bb  cc  dd
2015/7/25-1:21 --> SESSION_NULL :: Result Classxxx  bb  cc  dd
2015/7/25-1:21 --> SESSION_NULL :: Result Classxxx  bb  cc  dd
2015/7/25-1:21 --> SESSION_NULL :: Result Classxxx  bb  cc  dd
2015/7/25-23:43 --> SESSION_NULL ::       
2015/7/25-23:44 --> SESSION_NULL :: Result Class  bb  cc  dd
2015/7/25-23:44 --> SESSION_NULL :: Result Class  bb  cc  dd
2015/7/25-23:44 --> SESSION_NULL :: Result Class  bb  cc  dd
2015/7/25-23:44 --> SESSION_NULL :: Result Class  bb  cc  dd
2015/7/25-23:44 --> SESSION_NULL :: Result Class  bb  cc  dd
2015/7/25-23:44 --> SESSION_NULL :: Result ClassSample  bb  cc  dd
2015/7/25-23:44 --> SESSION_NULL :: Result ClassSample  bb  cc  dd
2015/7/25-23:44 --> SESSION_NULL :: Result ClassSample  bb  cc  dd
2015/7/25-23:44 --> SESSION_NULL :: Result ClassSample  bb  cc  dd
2015/7/25-23:45 --> 86g0asap1lkhi70ut7htmf0no10 :: prependApi.php  prependApi.php  initial  after session
2015/7/25-23:45 --> 86g0asap1lkhi70ut7htmf0no10 :: prependApi.php  prependApi.php  initial  after session
2015/7/25-23:45 --> 86g0asap1lkhi70ut7htmf0no10 :: prependApi.php  prependApi.php  initial  after session
2015/7/26-0:58 --> ondhc4og9j3881v84okgrpg1k0 :: SUCCESS  placeOperations.php  fetchPlacesFromJsonData  OK
2015/7/26-1:1 --> ondhc4og9j3881v84okgrpg1k0 :: SUCCESS  placeOperations.php  fetchPlacesFromJsonData  1
2015/7/26-1:2 --> ondhc4og9j3881v84okgrpg1k0 :: SUCCESS  placeOperations.php  fetchPlacesFromJsonData  OK -- result count::5
